# JRE version: OpenJDK Runtime Environment (8.0_242-b01) (build 1.8.0_242-release-1644-b01)
# Java VM: OpenJDK 64-Bit Server VM (25.242-b01 mixed mode windows-amd64 compressed oops)
Heap:
 PSYoungGen      total 141824K, used 15796K [0x0000000780000000, 0x0000000789500000, 0x00000007c0000000)
  eden space 131072K, 3% used [0x0000000780000000,0x00000007804f4958,0x0000000788000000)
  from space 10752K, 99% used [0x0000000788000000,0x0000000788a78740,0x0000000788a80000)
  to   space 10752K, 0% used [0x0000000788a80000,0x0000000788a80000,0x0000000789500000)
 ParOldGen       total 105472K, used 26091K [0x0000000700000000, 0x0000000706700000, 0x0000000780000000)
  object space 105472K, 24% used [0x0000000700000000,0x000000070197adb8,0x0000000706700000)
 Metaspace       used 52723K, capacity 55850K, committed 56064K, reserved 1097728K
  class space    used 7276K, capacity 7852K, committed 7936K, reserved 1048576K
GC Heap History (10 events):
Event: 2.849 GC heap before
{Heap before GC invocations=7 (full 1):
 PSYoungGen      total 141824K, used 33494K [0x0000000780000000, 0x0000000789500000, 0x00000007c0000000)
  eden space 131072K, 17% used [0x0000000780000000,0x0000000781636218,0x0000000788000000)
  from space 10752K, 99% used [0x0000000788000000,0x0000000788a7f8c0,0x0000000788a80000)
  to   space 10752K, 0% used [0x0000000788a80000,0x0000000788a80000,0x0000000789500000)
 ParOldGen       total 105472K, used 13146K [0x0000000700000000, 0x0000000706700000, 0x0000000780000000)
  object space 105472K, 12% used [0x0000000700000000,0x0000000700cd6980,0x0000000706700000)
 Metaspace       used 33989K, capacity 35382K, committed 35496K, reserved 1079296K
  class space    used 4713K, capacity 5028K, committed 5120K, reserved 1048576K
Event: 2.852 GC heap after
Heap after GC invocations=7 (full 1):
 PSYoungGen      total 141824K, used 8249K [0x0000000780000000, 0x0000000789500000, 0x00000007c0000000)
  eden space 131072K, 0% used [0x0000000780000000,0x0000000780000000,0x0000000788000000)
  from space 10752K, 76% used [0x0000000788a80000,0x000000078928e538,0x0000000789500000)
  to   space 10752K, 0% used [0x0000000788000000,0x0000000788000000,0x0000000788a80000)
 ParOldGen       total 105472K, used 13154K [0x0000000700000000, 0x0000000706700000, 0x0000000780000000)
  object space 105472K, 12% used [0x0000000700000000,0x0000000700cd8980,0x0000000706700000)
 Metaspace       used 33989K, capacity 35382K, committed 35496K, reserved 1079296K
  class space    used 4713K, capacity 5028K, committed 5120K, reserved 1048576K
}
Event: 2.852 GC heap before
{Heap before GC invocations=8 (full 2):
 PSYoungGen      total 141824K, used 8249K [0x0000000780000000, 0x0000000789500000, 0x00000007c0000000)
  eden space 131072K, 0% used [0x0000000780000000,0x0000000780000000,0x0000000788000000)
  from space 10752K, 76% used [0x0000000788a80000,0x000000078928e538,0x0000000789500000)
  to   space 10752K, 0% used [0x0000000788000000,0x0000000788000000,0x0000000788a80000)
 ParOldGen       total 105472K, used 13154K [0x0000000700000000, 0x0000000706700000, 0x0000000780000000)
  object space 105472K, 12% used [0x0000000700000000,0x0000000700cd8980,0x0000000706700000)
 Metaspace       used 33989K, capacity 35382K, committed 35496K, reserved 1079296K
  class space    used 4713K, capacity 5028K, committed 5120K, reserved 1048576K
Event: 2.877 GC heap after
Heap after GC invocations=8 (full 2):
 PSYoungGen      total 141824K, used 0K [0x0000000780000000, 0x0000000789500000, 0x00000007c0000000)
  eden space 131072K, 0% used [0x0000000780000000,0x0000000780000000,0x0000000788000000)
  from space 10752K, 0% used [0x0000000788a80000,0x0000000788a80000,0x0000000789500000)
  to   space 10752K, 0% used [0x0000000788000000,0x0000000788000000,0x0000000788a80000)
 ParOldGen       total 105472K, used 15609K [0x0000000700000000, 0x0000000706700000, 0x0000000780000000)
  object space 105472K, 14% used [0x0000000700000000,0x0000000700f3e5f8,0x0000000706700000)
 Metaspace       used 33989K, capacity 35382K, committed 35496K, reserved 1079296K
  class space    used 4713K, capacity 5028K, committed 5120K, reserved 1048576K
}
Event: 3.365 GC heap before
{Heap before GC invocations=9 (full 2):
 PSYoungGen      total 141824K, used 131072K [0x0000000780000000, 0x0000000789500000, 0x00000007c0000000)
  eden space 131072K, 100% used [0x0000000780000000,0x0000000788000000,0x0000000788000000)
  from space 10752K, 0% used [0x0000000788a80000,0x0000000788a80000,0x0000000789500000)
  to   space 10752K, 0% used [0x0000000788000000,0x0000000788000000,0x0000000788a80000)
 ParOldGen       total 105472K, used 15609K [0x0000000700000000, 0x0000000706700000, 0x0000000780000000)
  object space 105472K, 14% used [0x0000000700000000,0x0000000700f3e5f8,0x0000000706700000)
 Metaspace       used 38592K, capacity 40622K, committed 40960K, reserved 1085440K
  class space    used 5371K, capacity 5791K, committed 5888K, reserved 1048576K
Event: 3.369 GC heap after
Heap after GC invocations=9 (full 2):
 PSYoungGen      total 141824K, used 7713K [0x0000000780000000, 0x0000000789500000, 0x00000007c0000000)
  eden space 131072K, 0% used [0x0000000780000000,0x0000000780000000,0x0000000788000000)
  from space 10752K, 71% used [0x0000000788000000,0x0000000788788480,0x0000000788a80000)
  to   space 10752K, 0% used [0x0000000788a80000,0x0000000788a80000,0x0000000789500000)
 ParOldGen       total 105472K, used 15617K [0x0000000700000000, 0x0000000706700000, 0x0000000780000000)
  object space 105472K, 14% used [0x0000000700000000,0x0000000700f405f8,0x0000000706700000)
 Metaspace       used 38592K, capacity 40622K, committed 40960K, reserved 1085440K
  class space    used 5371K, capacity 5791K, committed 5888K, reserved 1048576K
}
Event: 4.818 GC heap before
{Heap before GC invocations=10 (full 2):
 PSYoungGen      total 141824K, used 138785K [0x0000000780000000, 0x0000000789500000, 0x00000007c0000000)
  eden space 131072K, 100% used [0x0000000780000000,0x0000000788000000,0x0000000788000000)
  from space 10752K, 71% used [0x0000000788000000,0x0000000788788480,0x0000000788a80000)
  to   space 10752K, 0% used [0x0000000788a80000,0x0000000788a80000,0x0000000789500000)
 ParOldGen       total 105472K, used 15617K [0x0000000700000000, 0x0000000706700000, 0x0000000780000000)
  object space 105472K, 14% used [0x0000000700000000,0x0000000700f405f8,0x0000000706700000)
 Metaspace       used 47987K, capacity 50572K, committed 50816K, reserved 1093632K
  class space    used 6634K, capacity 7183K, committed 7296K, reserved 1048576K
Event: 4.827 GC heap after
Heap after GC invocations=10 (full 2):
 PSYoungGen      total 141824K, used 10720K [0x0000000780000000, 0x0000000789500000, 0x00000007c0000000)
  eden space 131072K, 0% used [0x0000000780000000,0x0000000780000000,0x0000000788000000)
  from space 10752K, 99% used [0x0000000788a80000,0x00000007894f82b0,0x0000000789500000)
  to   space 10752K, 0% used [0x0000000788000000,0x0000000788000000,0x0000000788a80000)
 ParOldGen       total 105472K, used 20269K [0x0000000700000000, 0x0000000706700000, 0x0000000780000000)
  object space 105472K, 19% used [0x0000000700000000,0x00000007013cb698,0x0000000706700000)
 Metaspace       used 47987K, capacity 50572K, committed 50816K, reserved 1093632K
  class space    used 6634K, capacity 7183K, committed 7296K, reserved 1048576K
}
Event: 6.902 GC heap before
{Heap before GC invocations=11 (full 2):
 PSYoungGen      total 141824K, used 141792K [0x0000000780000000, 0x0000000789500000, 0x00000007c0000000)
  eden space 131072K, 100% used [0x0000000780000000,0x0000000788000000,0x0000000788000000)
  from space 10752K, 99% used [0x0000000788a80000,0x00000007894f82b0,0x0000000789500000)
  to   space 10752K, 0% used [0x0000000788000000,0x0000000788000000,0x0000000788a80000)
 ParOldGen       total 105472K, used 20269K [0x0000000700000000, 0x0000000706700000, 0x0000000780000000)
  object space 105472K, 19% used [0x0000000700000000,0x00000007013cb698,0x0000000706700000)
 Metaspace       used 52600K, capacity 55722K, committed 55808K, reserved 1097728K
  class space    used 7256K, capacity 7852K, committed 7936K, reserved 1048576K
Event: 6.911 GC heap after
Heap after GC invocations=11 (full 2):
 PSYoungGen      total 141824K, used 10721K [0x0000000780000000, 0x0000000789500000, 0x00000007c0000000)
  eden space 131072K, 0% used [0x0000000780000000,0x0000000780000000,0x0000000788000000)
  from space 10752K, 99% used [0x0000000788000000,0x0000000788a78740,0x0000000788a80000)
  to   space 10752K, 0% used [0x0000000788a80000,0x0000000788a80000,0x0000000789500000)
 ParOldGen       total 105472K, used 26091K [0x0000000700000000, 0x0000000706700000, 0x0000000780000000)
  object space 105472K, 24% used [0x0000000700000000,0x000000070197adb8,0x0000000706700000)
 Metaspace       used 52600K, capacity 55722K, committed 55808K, reserved 1097728K
  class space    used 7256K, capacity 7852K, committed 7936K, reserved 1048576K
}

